<?xml version="1.0" encoding="UTF-8"?>
<!-- Generated by org.testng.reporters.JUnitReportReporter -->
<testsuite hostname="HP" failures="0" tests="1" name="LearnTestNG.TestNGAnnotation_2" time="0.003" errors="0" timestamp="2024-02-06T20:28:08 IST" skipped="0">
  <testcase classname="LearnTestNG.TestNGAnnotation_2" name="test3" time="0.003"/>
  <system-out/>
</testsuite> <!-- LearnTestNG.TestNGAnnotation_2 -->
