<?xml version="1.0" encoding="UTF-8"?>
<!-- Generated by org.testng.reporters.JUnitReportReporter -->
<testsuite hostname="HP" failures="0" tests="1" name="LearnTestNG.TestNGAnnotation_3" time="0.004" errors="0" timestamp="2024-02-06T20:28:08 IST" skipped="0">
  <testcase classname="LearnTestNG.TestNGAnnotation_3" name="test4" time="0.004"/>
  <system-out/>
</testsuite> <!-- LearnTestNG.TestNGAnnotation_3 -->
