<?xml version="1.0" encoding="UTF-8"?>
<!-- Generated by org.testng.reporters.JUnitReportReporter -->
<testsuite hostname="HP" failures="0" tests="2" name="LearnTestNG.TestNGAnnotation_1" time="0.021" errors="0" timestamp="2024-02-06T20:28:08 IST" skipped="0">
  <testcase classname="LearnTestNG.TestNGAnnotation_1" name="test2" time="0.010"/>
  <system-out/>
  <testcase classname="LearnTestNG.TestNGAnnotation_1" name="test1" time="0.011"/>
  <system-out/>
</testsuite> <!-- LearnTestNG.TestNGAnnotation_1 -->
