<?xml version="1.0" encoding="UTF-8"?>
<!-- Generated by org.testng.reporters.JUnitReportReporter -->
<testsuite hostname="LAPTOP-NIP6R26G" failures="0" tests="1" name="testcases.TC006" time="128.221" errors="0" timestamp="2021-04-12T17:27:05 IST" skipped="0">
  <testcase classname="testcases.TC006" name="irctcHome" time="128.221"/>
  <system-out/>
</testsuite> <!-- testcases.TC006 -->
