<?xml version="1.0" encoding="UTF-8"?>
<!-- Generated by org.testng.reporters.JUnitReportReporter -->
<testsuite hostname="LAPTOP-NIP6R26G" failures="0" tests="1" name="testcases.TC012" time="162.968" errors="0" timestamp="2021-04-03T19:16:01 IST" skipped="0">
  <testcase classname="testcases.TC012" name="guestLogin" time="162.968"/>
  <system-out/>
</testsuite> <!-- testcases.TC012 -->
