<?xml version="1.0" encoding="UTF-8"?>
<!-- Generated by org.testng.reporters.JUnitReportReporter -->
<testsuite hostname="LAPTOP-NIP6R26G" failures="0" tests="1" name="testcases.TC007" time="39.283" errors="0" timestamp="2021-04-12T18:58:39 IST" skipped="0">
  <testcase classname="testcases.TC007" name="phpTravelsHome" time="39.283"/>
  <system-out/>
</testsuite> <!-- testcases.TC007 -->
