<?xml version="1.0" encoding="UTF-8"?>
<!-- Generated by org.testng.reporters.JUnitReportReporter -->
<testsuite hostname="LAPTOP-NIP6R26G" failures="0" tests="1" name="testcases.TC009" time="158.630" errors="0" timestamp="2021-04-12T19:14:15 IST" skipped="0">
  <testcase classname="testcases.TC009" name="IrctcTrainSearch" time="158.630"/>
  <system-out/>
</testsuite> <!-- testcases.TC009 -->
