<?xml version="1.0" encoding="UTF-8"?>
<!-- Generated by org.testng.reporters.JUnitReportReporter -->
<testsuite hostname="LAPTOP-NIP6R26G" failures="0" tests="1" name="testcases.TC003" time="108.949" errors="0" timestamp="2021-04-12T17:05:37 IST" skipped="0">
  <testcase classname="testcases.TC003" name="IndianPassportHome" time="108.949"/>
  <system-out/>
</testsuite> <!-- testcases.TC003 -->
