<?xml version="1.0" encoding="UTF-8"?>
<!-- Generated by org.testng.reporters.JUnitReportReporter -->
<testsuite skipped="0" hostname="Yogesh-PC" name="testcases.TC001" tests="1" failures="0" timestamp="14 Jul 2021 04:15:52 GMT" time="37.256" errors="0">
  <testcase name="facebookSignUp" time="37.256" classname="testcases.TC001"/>
</testsuite> <!-- testcases.TC001 -->
