<?xml version="1.0" encoding="UTF-8"?>
<!-- Generated by org.testng.reporters.JUnitReportReporter -->
<testsuite skipped="0" hostname="Yogesh-PC" name="testcases.TC002" tests="1" failures="0" timestamp="14 Jul 2021 04:17:50 GMT" time="61.133" errors="0">
  <testcase name="indianFrroRegistration" time="61.133" classname="testcases.TC002"/>
</testsuite> <!-- testcases.TC002 -->
