<?xml version="1.0" encoding="UTF-8"?>
<!-- Generated by org.testng.reporters.JUnitReportReporter -->
<testsuite hostname="LAPTOP-NIP6R26G" failures="0" tests="1" name="utils.SampleReport" time="1.440" errors="0" timestamp="2021-03-20T17:54:48 IST" skipped="0">
  <testcase classname="utils.SampleReport" name="generateReport" time="1.440"/>
  <system-out/>
</testsuite> <!-- utils.SampleReport -->
