<?xml version="1.0" encoding="UTF-8"?>
<!-- Generated by org.testng.reporters.JUnitReportReporter -->
<testsuite hostname="LAPTOP-NIP6R26G" failures="0" tests="1" name="testcases.TC008" time="82.379" errors="0" timestamp="2021-04-12T18:55:06 IST" skipped="0">
  <testcase classname="testcases.TC008" name="SpiceJetHome" time="82.379"/>
  <system-out/>
</testsuite> <!-- testcases.TC008 -->
