<?xml version="1.0" encoding="UTF-8"?>
<!-- Generated by org.testng.reporters.JUnitReportReporter -->
<testsuite hostname="LAPTOP-NIP6R26G" failures="0" tests="1" name="testcases.TC011" time="182.180" errors="0" timestamp="2021-04-12T19:38:08 IST" skipped="0">
  <testcase classname="testcases.TC011" name="guestLogin" time="182.180"/>
  <system-out/>
</testsuite> <!-- testcases.TC011 -->
