<?xml version="1.0" encoding="UTF-8"?>
<!-- Generated by org.testng.reporters.JUnitReportReporter -->
<testsuite hostname="LAPTOP-NIP6R26G" failures="0" tests="1" name="testcases.TC004" time="51.373" errors="0" timestamp="2021-04-12T17:21:46 IST" skipped="0">
  <testcase classname="testcases.TC004" name="onlineUSVisaHome" time="51.373"/>
  <system-out/>
</testsuite> <!-- testcases.TC004 -->
